app/build/outputs/logs/manifest-merger-debug-report.txt
-- Merging decision tree log ---
manifest
ADDED from src\main\AndroidManifest.xml:2:1-59:12
	package
		ADDED from src\main\AndroidManifest.xml:3:5-52
		INJECTED from src\main\AndroidManifest.xml
		INJECTED from src\main\AndroidManifest.xml
	android:versionName
		ADDED from src\main\AndroidManifest.xml:5:5-30
		INJECTED from src\main\AndroidManifest.xml
		INJECTED from src\main\AndroidManifest.xml
	android:versionCode
		ADDED from src\main\AndroidManifest.xml:4:5-28
		INJECTED from src\main\AndroidManifest.xml
		INJECTED from src\main\AndroidManifest.xml
	xmlns:android
		ADDED from src\main\AndroidManifest.xml:2:11-69
uses-feature#android.hardware.nfc.hce
ADDED from src\main\AndroidManifest.xml:10:5-85
	android:required
		ADDED from src\main\AndroidManifest.xml:10:59-82
	android:name
		ADDED from src\main\AndroidManifest.xml:10:19-58
uses-permission#android.permission.NFC
ADDED from src\main\AndroidManifest.xml:11:5-62
	android:name
		ADDED from src\main\AndroidManifest.xml:11:22-59
uses-permission#android.permission.INTERNET
ADDED from src\main\AndroidManifest.xml:12:5-67
	android:name
		ADDED from src\main\AndroidManifest.xml:12:22-64
application
ADDED from src\main\AndroidManifest.xml:14:5-57:19
MERGED from [com.android.support:design:23.1.1] AndroidManifest.xml:22:5-20
MERGED from [com.android.support:appcompat-v7:23.1.1] AndroidManifest.xml:22:5-20
MERGED from [com.android.support:support-v4:23.1.1] AndroidManifest.xml:22:5-20
MERGED from [com.mcxiaoke.volley:library-aar:1.0.0] AndroidManifest.xml:5:5-19
	android:label
		ADDED from src\main\AndroidManifest.xml:18:9-41
	android:allowBackup
		ADDED from src\main\AndroidManifest.xml:16:9-35
	android:icon
		ADDED from src\main\AndroidManifest.xml:17:9-45
	android:theme
		ADDED from src\main\AndroidManifest.xml:19:9-40
	android:name
		ADDED from src\main\AndroidManifest.xml:15:9-79
activity#info.androidhive.loginandregistration.activity.LoginActivity
ADDED from src\main\AndroidManifest.xml:20:9-30:20
	android:label
		ADDED from src\main\AndroidManifest.xml:22:13-45
	android:launchMode
		ADDED from src\main\AndroidManifest.xml:23:13-43
	android:windowSoftInputMode
		ADDED from src\main\AndroidManifest.xml:24:13-52
	android:name
		ADDED from src\main\AndroidManifest.xml:21:13-51
intent-filter#android.intent.action.MAIN+android.intent.category.LAUNCHER
ADDED from src\main\AndroidManifest.xml:25:13-29:29
action#android.intent.action.MAIN
ADDED from src\main\AndroidManifest.xml:26:17-69
	android:name
		ADDED from src\main\AndroidManifest.xml:26:25-66
category#android.intent.category.LAUNCHER
ADDED from src\main\AndroidManifest.xml:28:17-77
	android:name
		ADDED from src\main\AndroidManifest.xml:28:27-74
activity#info.androidhive.loginandregistration.activity.RegisterActivity
ADDED from src\main\AndroidManifest.xml:31:9-35:55
	android:label
		ADDED from src\main\AndroidManifest.xml:33:13-45
	android:launchMode
		ADDED from src\main\AndroidManifest.xml:34:13-43
	android:windowSoftInputMode
		ADDED from src\main\AndroidManifest.xml:35:13-52
	android:name
		ADDED from src\main\AndroidManifest.xml:32:13-54
activity#info.androidhive.loginandregistration.activity.MainActivity
ADDED from src\main\AndroidManifest.xml:36:9-39:46
	android:label
		ADDED from src\main\AndroidManifest.xml:38:13-45
	android:launchMode
		ADDED from src\main\AndroidManifest.xml:39:13-43
	android:name
		ADDED from src\main\AndroidManifest.xml:37:13-50
service#info.androidhive.loginandregistration.activity.CardService
ADDED from src\main\AndroidManifest.xml:43:9-55:19
	android:exported
		ADDED from src\main\AndroidManifest.xml:44:13-36
	android:permission
		ADDED from src\main\AndroidManifest.xml:45:13-69
	android:name
		ADDED from src\main\AndroidManifest.xml:43:18-54
intent-filter#android.intent.category.DEFAULT+android.nfc.cardemulation.action.HOST_APDU_SERVICE
ADDED from src\main\AndroidManifest.xml:47:13-50:29
action#android.nfc.cardemulation.action.HOST_APDU_SERVICE
ADDED from src\main\AndroidManifest.xml:48:17-92
	android:name
		ADDED from src\main\AndroidManifest.xml:48:25-90
category#android.intent.category.DEFAULT
ADDED from src\main\AndroidManifest.xml:49:17-75
	android:name
		ADDED from src\main\AndroidManifest.xml:49:27-73
meta-data#android.nfc.cardemulation.host_apdu_service
ADDED from src\main\AndroidManifest.xml:53:13-54:51
	android:resource
		ADDED from src\main\AndroidManifest.xml:54:17-49
	android:name
		ADDED from src\main\AndroidManifest.xml:53:24-82
uses-sdk
INJECTED from src\main\AndroidManifest.xml reason: use-sdk injection requested
MERGED from [com.android.support:design:23.1.1] AndroidManifest.xml:20:5-43
MERGED from [com.android.support:appcompat-v7:23.1.1] AndroidManifest.xml:20:5-43
MERGED from [com.android.support:recyclerview-v7:23.1.1] AndroidManifest.xml:20:5-43
MERGED from [com.android.support:support-v4:23.1.1] AndroidManifest.xml:20:5-43
MERGED from [com.mcxiaoke.volley:library-aar:1.0.0] AndroidManifest.xml:3:5-72
	android:targetSdkVersion
		INJECTED from src\main\AndroidManifest.xml
		INJECTED from src\main\AndroidManifest.xml
	android:minSdkVersion
		INJECTED from src\main\AndroidManifest.xml
		INJECTED from src\main\AndroidManifest.xml